[debug] [2022-09-02T20:00:25.771Z] ----------------------------------------------------------------------
[debug] [2022-09-02T20:00:25.778Z] Command:       /usr/local/bin/node /home/sourav/.npm-global/bin/firebase deploy
[debug] [2022-09-02T20:00:25.779Z] CLI Version:   11.8.0
[debug] [2022-09-02T20:00:25.780Z] Platform:      linux
[debug] [2022-09-02T20:00:25.780Z] Node Version:  v16.17.0
[debug] [2022-09-02T20:00:25.782Z] Time:          Sat Sep 03 2022 01:30:25 GMT+0530 (India Standard Time)
[debug] [2022-09-02T20:00:25.783Z] ----------------------------------------------------------------------
[debug] 
[debug] [2022-09-02T20:00:25.795Z] >>> [apiv2][query] GET https://firebase-public.firebaseio.com/cli.json [none]
[debug] [2022-09-02T20:00:26.151Z] > command requires scopes: ["email","openid","https://www.googleapis.com/auth/cloudplatformprojects.readonly","https://www.googleapis.com/auth/firebase","https://www.googleapis.com/auth/cloud-platform"]
[debug] [2022-09-02T20:00:26.153Z] > authorizing via signed-in user (sourav62301@gmail.com)
[debug] [2022-09-02T20:00:26.153Z] [iam] checking project sourav-chat-app-t02 for permissions ["cloudfunctions.functions.create","cloudfunctions.functions.delete","cloudfunctions.functions.get","cloudfunctions.functions.list","cloudfunctions.functions.update","cloudfunctions.operations.get","firebase.projects.get","firebasedatabase.instances.update","firebasehosting.sites.update"]
[debug] [2022-09-02T20:00:26.156Z] > refreshing access token with scopes: []
[debug] [2022-09-02T20:00:26.161Z] >>> [apiv2][query] POST https://www.googleapis.com/oauth2/v3/token [none]
[debug] [2022-09-02T20:00:26.161Z] >>> [apiv2][body] POST https://www.googleapis.com/oauth2/v3/token [omitted]
[debug] [2022-09-02T20:00:26.910Z] <<< [apiv2][status] POST https://www.googleapis.com/oauth2/v3/token 200
[debug] [2022-09-02T20:00:26.911Z] <<< [apiv2][body] POST https://www.googleapis.com/oauth2/v3/token [omitted]
[debug] [2022-09-02T20:00:27.103Z] >>> [apiv2][query] POST https://cloudresourcemanager.googleapis.com/v1/projects/sourav-chat-app-t02:testIamPermissions [none]
[debug] [2022-09-02T20:00:27.104Z] >>> [apiv2][(partial)header] POST https://cloudresourcemanager.googleapis.com/v1/projects/sourav-chat-app-t02:testIamPermissions x-goog-quota-user=projects/sourav-chat-app-t02
[debug] [2022-09-02T20:00:27.105Z] >>> [apiv2][body] POST https://cloudresourcemanager.googleapis.com/v1/projects/sourav-chat-app-t02:testIamPermissions {"permissions":["cloudfunctions.functions.create","cloudfunctions.functions.delete","cloudfunctions.functions.get","cloudfunctions.functions.list","cloudfunctions.functions.update","cloudfunctions.operations.get","firebase.projects.get","firebasedatabase.instances.update","firebasehosting.sites.update"]}
[debug] [2022-09-02T20:00:27.112Z] <<< [apiv2][status] GET https://firebase-public.firebaseio.com/cli.json 200
[debug] [2022-09-02T20:00:27.112Z] <<< [apiv2][body] GET https://firebase-public.firebaseio.com/cli.json {"cloudBuildErrorAfter":1594252800000,"cloudBuildWarnAfter":1590019200000,"defaultNode10After":1594252800000,"minVersion":"3.0.5","node8DeploysDisabledAfter":1613390400000,"node8RuntimeDisabledAfter":1615809600000,"node8WarnAfter":1600128000000}
[debug] [2022-09-02T20:00:29.525Z] <<< [apiv2][status] POST https://cloudresourcemanager.googleapis.com/v1/projects/sourav-chat-app-t02:testIamPermissions 200
[debug] [2022-09-02T20:00:29.526Z] <<< [apiv2][body] POST https://cloudresourcemanager.googleapis.com/v1/projects/sourav-chat-app-t02:testIamPermissions {"permissions":["cloudfunctions.functions.create","cloudfunctions.functions.delete","cloudfunctions.functions.get","cloudfunctions.functions.list","cloudfunctions.functions.update","cloudfunctions.operations.get","firebase.projects.get","firebasedatabase.instances.update","firebasehosting.sites.update"]}
[debug] [2022-09-02T20:00:29.527Z] >>> [apiv2][query] POST https://iam.googleapis.com/v1/projects/sourav-chat-app-t02/serviceAccounts/sourav-chat-app-t02@appspot.gserviceaccount.com:testIamPermissions [none]
[debug] [2022-09-02T20:00:29.527Z] >>> [apiv2][body] POST https://iam.googleapis.com/v1/projects/sourav-chat-app-t02/serviceAccounts/sourav-chat-app-t02@appspot.gserviceaccount.com:testIamPermissions {"permissions":["iam.serviceAccounts.actAs"]}
[debug] [2022-09-02T20:00:32.018Z] <<< [apiv2][status] POST https://iam.googleapis.com/v1/projects/sourav-chat-app-t02/serviceAccounts/sourav-chat-app-t02@appspot.gserviceaccount.com:testIamPermissions 200
[debug] [2022-09-02T20:00:32.018Z] <<< [apiv2][body] POST https://iam.googleapis.com/v1/projects/sourav-chat-app-t02/serviceAccounts/sourav-chat-app-t02@appspot.gserviceaccount.com:testIamPermissions {"permissions":["iam.serviceAccounts.actAs"]}
[debug] [2022-09-02T20:00:32.021Z] >>> [apiv2][query] GET https://firebase.googleapis.com/v1beta1/projects/sourav-chat-app-t02 [none]
[debug] [2022-09-02T20:00:33.041Z] <<< [apiv2][status] GET https://firebase.googleapis.com/v1beta1/projects/sourav-chat-app-t02 200
[debug] [2022-09-02T20:00:33.042Z] <<< [apiv2][body] GET https://firebase.googleapis.com/v1beta1/projects/sourav-chat-app-t02 {"projectId":"sourav-chat-app-t02","projectNumber":"675849697368","displayName":"sourav-chat-app-t02","name":"projects/sourav-chat-app-t02","resources":{"hostingSite":"sourav-chat-app-t02","realtimeDatabaseInstance":"sourav-chat-app-t02-default-rtdb","storageBucket":"sourav-chat-app-t02.appspot.com","locationId":"asia-south1"},"state":"ACTIVE","etag":"1_54d9a9d1-6786-4a0b-b3da-22ab34285110"}
[debug] [2022-09-02T20:00:33.043Z] >>> [apiv2][query] GET https://firebase.googleapis.com/v1beta1/projects/sourav-chat-app-t02 [none]
[debug] [2022-09-02T20:00:34.121Z] <<< [apiv2][status] GET https://firebase.googleapis.com/v1beta1/projects/sourav-chat-app-t02 200
[debug] [2022-09-02T20:00:34.121Z] <<< [apiv2][body] GET https://firebase.googleapis.com/v1beta1/projects/sourav-chat-app-t02 {"projectId":"sourav-chat-app-t02","projectNumber":"675849697368","displayName":"sourav-chat-app-t02","name":"projects/sourav-chat-app-t02","resources":{"hostingSite":"sourav-chat-app-t02","realtimeDatabaseInstance":"sourav-chat-app-t02-default-rtdb","storageBucket":"sourav-chat-app-t02.appspot.com","locationId":"asia-south1"},"state":"ACTIVE","etag":"1_54d9a9d1-6786-4a0b-b3da-22ab34285110"}
[info] 
[info] === Deploying to 'sourav-chat-app-t02'...
[info] 
[info] i  deploying database, functions, hosting 
[debug] [2022-09-02T20:00:34.612Z] TypeError [ERR_INVALID_ARG_TYPE]: The "path" argument must be of type string. Received undefined
    at new NodeError (node:internal/errors:387:5)
    at validateString (node:internal/validators:121:11)
    at Object.join (node:path:1172:7)
    at Config.path (/home/sourav/.npm-global/lib/node_modules/firebase-tools/lib/config.js:123:45)
    at getChildEnvironment (/home/sourav/.npm-global/lib/node_modules/firebase-tools/lib/deploy/lifecycleHooks.js:51:49)
    at runTargetCommands (/home/sourav/.npm-global/lib/node_modules/firebase-tools/lib/deploy/lifecycleHooks.js:72:14)
    at /home/sourav/.npm-global/lib/node_modules/firebase-tools/lib/deploy/lifecycleHooks.js:124:24
    at processTicksAndRejections (node:internal/process/task_queues:96:5)
    at async chain (/home/sourav/.npm-global/lib/node_modules/firebase-tools/lib/deploy/index.js:33:9)
    at async deploy (/home/sourav/.npm-global/lib/node_modules/firebase-tools/lib/deploy/index.js:67:5)
[error] 
[error] Error: An unexpected error has occurred.
